<?xml version="1.0" encoding="UTF-8"?>
<!-- Generated by org.testng.reporters.JUnitXMLReporter -->
<testsuite ignored="0" hostname="DESKTOP-0F65BGN" failures="0" tests="8" name="Default test" time="30.697" errors="0" timestamp="2024-08-12T12:24:47 IST">
  <testcase classname="tendableTestClasses.TC02_RequestDemoButton" name="VerifyDemoButtonIsActiveOnHomePage" time="4.715"/>
  <testcase classname="tendableTestClasses.TC02_RequestDemoButton" name="VerifyDemoButtonIsActiveOnOurSolutionPage" time="1.826"/>
  <testcase classname="tendableTestClasses.TC02_RequestDemoButton" name="VerifyDemoButtonIsActiveOnOurStoryPage" time="5.913"/>
  <testcase classname="tendableTestClasses.TC02_RequestDemoButton" name="VerifyDemoButtonIsActiveOnWhyTendablePage" time="3.668"/>
  <testcase classname="tendableTestClasses.TC02_RequestDemoButton" name="VerifyDemoButtonStatusOnHomePage" time="2.337"/>
  <testcase classname="tendableTestClasses.TC02_RequestDemoButton" name="VerifyDemoButtonStatusOnOurSolutionPage" time="0.146"/>
  <testcase classname="tendableTestClasses.TC02_RequestDemoButton" name="VerifyDemoButtonStatusOnOurStoryPage" time="2.285"/>
  <testcase classname="tendableTestClasses.TC02_RequestDemoButton" name="VerifyDemoButtonStatusOnWhyTendablePage" time="1.543"/>
</testsuite> <!-- Default test -->
