<?xml version="1.0" encoding="UTF-8"?>
<!-- Generated by org.testng.reporters.JUnitXMLReporter -->
<testsuite ignored="0" hostname="DESKTOP-0F65BGN" failures="0" tests="16" name="Test" time="81.954" errors="0" timestamp="2024-08-12T12:34:15 IST">
  <testcase classname="tendableTestClasses.TC01_MenuButtonAccessibility" name="verifyAccessibilityOfHomeButton" time="2.472"/>
  <testcase classname="tendableTestClasses.TC01_MenuButtonAccessibility" name="verifyAccessibilityOfOurSolutionButton" time="0.109"/>
  <testcase classname="tendableTestClasses.TC01_MenuButtonAccessibility" name="verifyAccessibilityOfOurSolutionButtonByStatus" time="0.313"/>
  <testcase classname="tendableTestClasses.TC01_MenuButtonAccessibility" name="verifyAccessibilityOfOurStoryButton" time="5.114"/>
  <testcase classname="tendableTestClasses.TC01_MenuButtonAccessibility" name="verifyAccessibilityOfOurStoryButtonByStatus" time="5.685"/>
  <testcase classname="tendableTestClasses.TC01_MenuButtonAccessibility" name="verifyAccessibilityOfWhyTendableButton" time="3.783"/>
  <testcase classname="tendableTestClasses.TC01_MenuButtonAccessibility" name="verifyAccessibilityOfWhyTendableButtonByStatus" time="5.179"/>
  <testcase classname="tendableTestClasses.TC02_RequestDemoButton" name="VerifyDemoButtonIsActiveOnHomePage" time="5.637"/>
  <testcase classname="tendableTestClasses.TC02_RequestDemoButton" name="VerifyDemoButtonIsActiveOnOurSolutionPage" time="2.099"/>
  <testcase classname="tendableTestClasses.TC02_RequestDemoButton" name="VerifyDemoButtonIsActiveOnOurStoryPage" time="8.06"/>
  <testcase classname="tendableTestClasses.TC02_RequestDemoButton" name="VerifyDemoButtonIsActiveOnWhyTendablePage" time="7.068"/>
  <testcase classname="tendableTestClasses.TC02_RequestDemoButton" name="VerifyDemoButtonStatusOnHomePage" time="2.291"/>
  <testcase classname="tendableTestClasses.TC02_RequestDemoButton" name="VerifyDemoButtonStatusOnOurSolutionPage" time="0.163"/>
  <testcase classname="tendableTestClasses.TC02_RequestDemoButton" name="VerifyDemoButtonStatusOnOurStoryPage" time="2.07"/>
  <testcase classname="tendableTestClasses.TC02_RequestDemoButton" name="VerifyDemoButtonStatusOnWhyTendablePage" time="1.673"/>
  <testcase classname="tendableTestClasses.TC03_ErrorMessageValidation" name="validatingErroMessageForContactUsMarkatingFormPage" time="6.082"/>
</testsuite> <!-- Test -->
